<?xml version="1.0" encoding="UTF-8"?>
<testsuite name="SortingsTest" tests="7" skipped="0" failures="0" errors="0" timestamp="2017-10-02T00:09:20" hostname="WIN-A687THCC688" time="0.044">
  <properties/>
  <testcase name="arrayCopyTest" classname="SortingsTest" time="0.011"/>
  <testcase name="heapSortTest" classname="SortingsTest" time="0.021"/>
  <testcase name="quickSortTest" classname="SortingsTest" time="0.002"/>
  <testcase name="shellSortTest" classname="SortingsTest" time="0.001"/>
  <testcase name="insertionSortTest" classname="SortingsTest" time="0.002"/>
  <testcase name="bubbleSortTest" classname="SortingsTest" time="0.002"/>
  <testcase name="cycleSortTest" classname="SortingsTest" time="0.002"/>
  <system-out><![CDATA[]]></system-out>
  <system-err><![CDATA[]]></system-err>
</testsuite>
